 ---------------------------------------------------------------
 Vortex Lattice Output -- Total Forces

 Configuration: Maule M-7-260C                                              
     # Surfaces =   5
     # Strips   = 112
     # Vortices =1520

  Sref =  16.012       Cref =  1.6167       Bref =  10.033    
  Xref = 0.55610       Yref =  0.0000       Zref =  0.0000    

 Standard axis orientation,  X fwd, Z down         

 Run case:  -unnamed-                              

  Alpha =  12.00551     pb/2V =   0.00000     p'b/2V =   0.00000
  Beta  =   0.00000     qc/2V =   0.00000
  Mach  =     0.000     rb/2V =  -0.00000     r'b/2V =  -0.00000

  CXtot =   0.15639     Cltot =   0.00000     Cl'tot =   0.00000
  CYtot =  -0.00058     Cmtot =   0.00000
  CZtot =  -0.96964     Cntot =  -0.00000     Cn'tot =  -0.00000

  CLtot =   0.98096
  CDtot =   0.04872
  CDvis =   0.00000     CDind = 0.0487193
  CLff  =   0.99049     CDff  = 0.0297474    | Trefftz
  CYff  =  -0.00006         e =    1.6699    | Plane  

   flap            =   0.00000
   aileron         =   0.19094
   elevator        =   0.03277
   rudder          =   0.30906

 ---------------------------------------------------------------

 Stability-axis derivatives...

                             alpha                beta
                  ----------------    ----------------
 z' force CL |    CLa =   4.522213    CLb =   0.001289
 y  force CY |    CYa =  -0.004993    CYb =  -0.194062
 x' mom.  Cl'|    Cla =   0.003392    Clb =  -0.114565
 y  mom.  Cm |    Cma =  -0.322018    Cmb =  -0.003775
 z' mom.  Cn'|    Cna =   0.000454    Cnb =   0.078739

                     roll rate  p'      pitch rate  q'        yaw rate  r'
                  ----------------    ----------------    ----------------
 z' force CL |    CLp =  -0.024871    CLq =   6.714344    CLr =   0.001977
 y  force CY |    CYp =   0.065776    CYq =   0.000992    CYr =   0.154552
 x' mom.  Cl'|    Clp =  -0.443762    Clq =   0.000817    Clr =   0.223825
 y  mom.  Cm |    Cmp =   0.045292    Cmq =  -6.295573    Cmr =  -0.007694
 z' mom.  Cn'|    Cnp =  -0.077337    Cnq =  -0.002703    Cnr =  -0.063263

                  flap         d1     aileron      d2     elevator     d3     rudder       d4 
                  ----------------    ----------------    ----------------    ----------------
 z' force CL |   CLd1 =   0.000000   CLd2 =  -0.000053   CLd3 =   0.007860   CLd4 =  -0.000002
 y  force CY |   CYd1 =   0.000000   CYd2 =  -0.000869   CYd3 =  -0.000007   CYd4 =   0.002123
 x' mom.  Cl'|   Cld1 =  -0.000000   Cld2 =  -0.003516   Cld3 =   0.000001   Cld4 =  -0.000033
 y  mom.  Cm |   Cmd1 =   0.000000   Cmd2 =   0.000097   Cmd3 =  -0.015529   Cmd4 =   0.000006
 z' mom.  Cn'|   Cnd1 =  -0.000000   Cnd2 =  -0.000104   Cnd3 =  -0.000004   Cnd4 =  -0.000814
 Trefftz drag| CDffd1 =   0.000000 CDffd2 =   0.000008 CDffd3 =   0.000876 CDffd4 =   0.000009
 span eff.   |    ed1 =   0.000000    ed2 =  -0.000645    ed3 =  -0.021814    ed4 =  -0.000499



 Neutral point  Xnp =   0.671222

 Clb Cnr / Clr Cnb  =   0.411250    (  > 1 if spirally stable )
